  Game.cpp
C:\Users\jakub\Downloads\gameplay development project - jakub szymoniak (3)\gameplay development project - jakub szymoniak\Game\Projectile.h(4,10): warning C4067: unexpected tokens following preprocessor directive - expected a newline
  (compiling source file 'Game.cpp')
  
C:\Users\jakub\Downloads\gameplay development project - jakub szymoniak (3)\gameplay development project - jakub szymoniak\Game\Game.cpp(83,31): warning C4267: '=': conversion from 'size_t' to 'int', possible loss of data
C:\Users\jakub\Downloads\gameplay development project - jakub szymoniak (3)\gameplay development project - jakub szymoniak\Game\Game.cpp(96,34): warning C4267: '=': conversion from 'size_t' to 'int', possible loss of data
C:\Users\jakub\Downloads\gameplay development project - jakub szymoniak (3)\gameplay development project - jakub szymoniak\Game\Game.cpp(178,109): warning C4244: 'argument': conversion from 'float' to 'int', possible loss of data
C:\Users\jakub\Downloads\gameplay development project - jakub szymoniak (3)\gameplay development project - jakub szymoniak\Game\Game.cpp(178,73): warning C4244: 'argument': conversion from 'float' to 'int', possible loss of data
C:\Users\jakub\Downloads\gameplay development project - jakub szymoniak (3)\gameplay development project - jakub szymoniak\Game\Game.cpp(182,118): warning C4244: 'argument': conversion from 'float' to 'int', possible loss of data
C:\Users\jakub\Downloads\gameplay development project - jakub szymoniak (3)\gameplay development project - jakub szymoniak\Game\Game.cpp(182,79): warning C4244: 'argument': conversion from 'float' to 'int', possible loss of data
C:\Users\jakub\Downloads\gameplay development project - jakub szymoniak (3)\gameplay development project - jakub szymoniak\Game\Game.cpp(190,109): warning C4244: 'argument': conversion from 'float' to 'int', possible loss of data
C:\Users\jakub\Downloads\gameplay development project - jakub szymoniak (3)\gameplay development project - jakub szymoniak\Game\Game.cpp(190,73): warning C4244: 'argument': conversion from 'float' to 'int', possible loss of data
C:\Users\jakub\Downloads\gameplay development project - jakub szymoniak (3)\gameplay development project - jakub szymoniak\Game\Game.cpp(227,65): warning C4244: 'argument': conversion from 'float' to 'int', possible loss of data
C:\Users\jakub\Downloads\gameplay development project - jakub szymoniak (3)\gameplay development project - jakub szymoniak\Game\Game.cpp(227,55): warning C4244: 'argument': conversion from 'float' to 'int', possible loss of data
C:\Users\jakub\Downloads\gameplay development project - jakub szymoniak (3)\gameplay development project - jakub szymoniak\Game\Game.cpp(230,68): warning C4244: 'argument': conversion from 'float' to 'int', possible loss of data
C:\Users\jakub\Downloads\gameplay development project - jakub szymoniak (3)\gameplay development project - jakub szymoniak\Game\Game.cpp(230,58): warning C4244: 'argument': conversion from 'float' to 'int', possible loss of data
C:\Users\jakub\Downloads\gameplay development project - jakub szymoniak (3)\gameplay development project - jakub szymoniak\Game\Game.cpp(247,45): warning C4244: 'argument': conversion from 'float' to 'int', possible loss of data
C:\Users\jakub\Downloads\gameplay development project - jakub szymoniak (3)\gameplay development project - jakub szymoniak\Game\Game.cpp(274,9): warning C4244: 'return': conversion from 'double' to 'int', possible loss of data
  main.cpp
  Generating Code...
  Game.vcxproj -> C:\Users\jakub\Downloads\gameplay development project - jakub szymoniak (3)\gameplay development project - jakub szymoniak\x64\Debug\Game.exe
