c:\temp\gameplay development project - jakub szymoniak (none moving projectle attack) (2)\gameplay development project - jakub szymoniak (working player movement)\gameplay development project - jakub szymoniak\game\x64\debug\vc143.pdb
c:\temp\gameplay development project - jakub szymoniak (none moving projectle attack) (2)\gameplay development project - jakub szymoniak (working player movement)\gameplay development project - jakub szymoniak\game\x64\debug\vc143.idb
c:\temp\gameplay development project - jakub szymoniak (none moving projectle attack) (2)\gameplay development project - jakub szymoniak (working player movement)\gameplay development project - jakub szymoniak\game\x64\debug\tower.obj
c:\temp\gameplay development project - jakub szymoniak (none moving projectle attack) (2)\gameplay development project - jakub szymoniak (working player movement)\gameplay development project - jakub szymoniak\game\x64\debug\player.obj
c:\temp\gameplay development project - jakub szymoniak (none moving projectle attack) (2)\gameplay development project - jakub szymoniak (working player movement)\gameplay development project - jakub szymoniak\game\x64\debug\main.obj
c:\temp\gameplay development project - jakub szymoniak (none moving projectle attack) (2)\gameplay development project - jakub szymoniak (working player movement)\gameplay development project - jakub szymoniak\game\x64\debug\entity.obj
c:\temp\gameplay development project - jakub szymoniak (none moving projectle attack) (2)\gameplay development project - jakub szymoniak (working player movement)\gameplay development project - jakub szymoniak\game\x64\debug\enemy.obj
c:\temp\gameplay development project - jakub szymoniak (none moving projectle attack) (2)\gameplay development project - jakub szymoniak (working player movement)\gameplay development project - jakub szymoniak\game\x64\debug\game.obj
c:\temp\gameplay development project - jakub szymoniak (none moving projectle attack) (2)\gameplay development project - jakub szymoniak (working player movement)\gameplay development project - jakub szymoniak\x64\debug\game.exe
c:\temp\gameplay development project - jakub szymoniak (none moving projectle attack) (2)\gameplay development project - jakub szymoniak (working player movement)\gameplay development project - jakub szymoniak\x64\debug\game.pdb
c:\temp\gameplay development project - jakub szymoniak (none moving projectle attack) (2)\gameplay development project - jakub szymoniak (working player movement)\gameplay development project - jakub szymoniak\game\x64\debug\game.ilk
c:\temp\gameplay development project - jakub szymoniak (none moving projectle attack) (2)\gameplay development project - jakub szymoniak\game\x64\debug\enemy.obj
c:\temp\gameplay development project - jakub szymoniak (none moving projectle attack) (2)\gameplay development project - jakub szymoniak\game\x64\debug\entity.obj
c:\temp\gameplay development project - jakub szymoniak (none moving projectle attack) (2)\gameplay development project - jakub szymoniak\game\x64\debug\game.obj
c:\temp\gameplay development project - jakub szymoniak (none moving projectle attack) (2)\gameplay development project - jakub szymoniak\game\x64\debug\main.obj
c:\temp\gameplay development project - jakub szymoniak (none moving projectle attack) (2)\gameplay development project - jakub szymoniak\game\x64\debug\player.obj
c:\temp\gameplay development project - jakub szymoniak (none moving projectle attack) (2)\gameplay development project - jakub szymoniak\game\x64\debug\tower.obj
c:\temp\gameplay development project - jakub szymoniak (none moving projectle attack) (2)\gameplay development project - jakub szymoniak\game\x64\debug\game.obj.enc
c:\temp\gameplay development project - jakub szymoniak (none moving projectle attack) (2)\gameplay development project - jakub szymoniak\game\x64\debug\main.obj.enc
c:\temp\gameplay development project - jakub szymoniak (none moving projectle attack) (2)\gameplay development project - jakub szymoniak\game\x64\debug\player.obj.enc
c:\temp\gameplay development project - jakub szymoniak (none moving projectle attack) (2)\gameplay development project - jakub szymoniak\game\x64\debug\game.ilk
c:\temp\gameplay development project - jakub szymoniak (none moving projectle attack) (2)\gameplay development project - jakub szymoniak\game\x64\debug\vc143.idb
c:\temp\gameplay development project - jakub szymoniak (none moving projectle attack) (2)\gameplay development project - jakub szymoniak\game\x64\debug\vc145.idb
c:\temp\gameplay development project - jakub szymoniak (none moving projectle attack) (2)\gameplay development project - jakub szymoniak\game\x64\debug\vc143.pdb
c:\temp\gameplay development project - jakub szymoniak (none moving projectle attack) (2)\gameplay development project - jakub szymoniak\game\x64\debug\vc145.pdb
c:\temp\gameplay development project - jakub szymoniak (none moving projectle attack) (2)\gameplay development project - jakub szymoniak\x64\debug\game.pdb
c:\temp\gameplay development project - jakub szymoniak (none moving projectle attack) (2)\gameplay development project - jakub szymoniak\x64\debug\game.exe
c:\temp\gameplay development project - jakub szymoniak (none moving projectle attack) (2)\gameplay development project - jakub szymoniak\game\x64\debug\game.tlog\cl.command.1.tlog
c:\temp\gameplay development project - jakub szymoniak (none moving projectle attack) (2)\gameplay development project - jakub szymoniak\game\x64\debug\game.tlog\cl.items.tlog
c:\temp\gameplay development project - jakub szymoniak (none moving projectle attack) (2)\gameplay development project - jakub szymoniak\game\x64\debug\game.tlog\cl.read.1.tlog
c:\temp\gameplay development project - jakub szymoniak (none moving projectle attack) (2)\gameplay development project - jakub szymoniak\game\x64\debug\game.tlog\cl.write.1.tlog
c:\temp\gameplay development project - jakub szymoniak (none moving projectle attack) (2)\gameplay development project - jakub szymoniak\game\x64\debug\game.tlog\link.command.1.tlog
c:\temp\gameplay development project - jakub szymoniak (none moving projectle attack) (2)\gameplay development project - jakub szymoniak\game\x64\debug\game.tlog\link.read.1.tlog
c:\temp\gameplay development project - jakub szymoniak (none moving projectle attack) (2)\gameplay development project - jakub szymoniak\game\x64\debug\game.tlog\link.secondary.1.tlog
c:\temp\gameplay development project - jakub szymoniak (none moving projectle attack) (2)\gameplay development project - jakub szymoniak\game\x64\debug\game.tlog\link.write.1.tlog
